[2020-01-01 12:12:37,904] - logger.py] - INFO: ---测试开始----
[2020-01-01 12:12:37,904] - logger.py] - INFO: 操作步骤1,2,3
[2020-01-01 12:12:37,905] - logger.py] - WARNING: ----测试结束----
[2020-01-01 15:09:54,577] - logger.py] - INFO: ------start------
[2020-01-01 15:11:10,213] - logger.py] - INFO: ------start------
[2020-01-01 15:12:25,657] - logger.py] - INFO: ------start------
[2020-01-01 15:12:26,016] - logger.py] - INFO: ------start------
[2020-01-01 15:12:26,342] - logger.py] - INFO: ------start!------
[2020-01-01 15:13:41,795] - logger.py] - INFO: ------start------
[2020-01-01 15:43:11,645] - logger.py] - INFO: ------start------
[2020-01-01 15:44:27,323] - logger.py] - INFO: ------start------
[2020-01-01 15:45:42,817] - logger.py] - INFO: ------start------
[2020-01-01 15:45:43,179] - logger.py] - INFO: ------start------
[2020-01-01 15:45:43,504] - logger.py] - INFO: ------start!------
[2020-01-01 15:46:58,920] - logger.py] - INFO: ------start------
[2020-01-01 15:53:29,800] - logger.py] - INFO: ------start------
[2020-01-01 15:54:45,404] - logger.py] - INFO: ------start------
[2020-01-01 15:56:00,885] - logger.py] - INFO: ------start------
[2020-01-01 15:56:01,226] - logger.py] - INFO: ------start------
[2020-01-01 15:56:01,555] - logger.py] - INFO: ------start!------
[2020-01-01 15:57:16,983] - logger.py] - INFO: ------start------
[2020-01-01 16:07:15,429] - logger.py] - INFO: ------start------
[2020-01-01 16:08:31,008] - logger.py] - INFO: ------start------
[2020-01-01 16:09:46,421] - logger.py] - INFO: ------start------
[2020-01-01 16:09:46,763] - logger.py] - INFO: ------start------
[2020-01-01 16:09:47,096] - logger.py] - INFO: ------start!------
[2020-01-01 16:11:02,480] - logger.py] - INFO: ------start------
[2020-01-01 16:18:26,007] - logger.py] - INFO: ------start------
[2020-01-01 16:19:41,621] - logger.py] - INFO: ------start------
[2020-01-01 16:20:57,075] - logger.py] - INFO: ------start------
[2020-01-01 16:20:57,429] - logger.py] - INFO: ------start------
[2020-01-01 16:20:57,756] - logger.py] - INFO: ------start!------
[2020-01-01 16:22:13,198] - logger.py] - INFO: ------start------
[2020-01-01 16:44:32,407] - logger.py] - INFO: ------start------
[2020-01-01 16:45:47,963] - logger.py] - INFO: ------start------
[2020-01-01 16:47:03,376] - logger.py] - INFO: ------start------
[2020-01-01 16:47:03,749] - logger.py] - INFO: ------start------
[2020-01-01 16:47:04,095] - logger.py] - INFO: ------start!------
[2020-01-01 16:48:19,562] - logger.py] - INFO: ------start------
[2020-01-01 16:54:03,322] - logger.py] - INFO: ------start------
[2020-01-01 16:55:18,870] - logger.py] - INFO: ------start------
[2020-01-01 16:56:35,141] - logger.py] - INFO: ------start------
[2020-01-01 16:56:35,616] - logger.py] - INFO: ------start------
[2020-01-01 16:56:35,965] - logger.py] - INFO: ------start!------
[2020-01-01 16:57:52,846] - logger.py] - INFO: ------start------
